Using pre-set license
Built from '2020.3/staging' branch; Version is '2020.3.6f1 (338bb68529b2) revision 3378102'; Using compiler version '192528614'; Build Type 'Release'
OS: 'Windows 10 Pro; OS build 19042.1165; Version 2009; 64bit' Language: 'ko' Physical Memory: 16343 MB
BatchMode: 1, IsHumanControllingUs: 0, StartBugReporterOnCrash: 0, Is64bit: 1, IsPro: 0

 COMMAND LINE ARGUMENTS:
D:\Unity hub\Unity\2020.3.6f1\Editor\Unity.exe
-adb2
-batchMode
-noUpm
-name
AssetImportWorker0
-projectPath
D:/유니티 프로젝트/Aimlab2
-logFile
Logs/AssetImportWorker0.log
-srvPort
49827
Successfully changed project path to: D:/유니티 프로젝트/Aimlab2
D:/유니티 프로젝트/Aimlab2
Using Asset Import Pipeline V2.
Refreshing native plugins compatible for Editor in 31.89 ms, found 0 plugins.
Preloading 0 native plugins for Editor in 0.00 ms.
Initialize engine version: 2020.3.6f1 (338bb68529b2)
[Subsystems] Discovering subsystems at path D:/Unity hub/Unity/2020.3.6f1/Editor/Data/Resources/UnitySubsystems
[Subsystems] Discovering subsystems at path D:/유니티 프로젝트/Aimlab2/Assets
GfxDevice: creating device client; threaded=0
Direct3D:
    Version:  Direct3D 11.0 [level 11.1]
    Renderer: NVIDIA GeForce GTX 970 (ID=0x13c2)
    Vendor:   
    VRAM:     4043 MB
    Driver:   27.21.14.6677
Initialize mono
Mono path[0] = 'D:/Unity hub/Unity/2020.3.6f1/Editor/Data/Managed'
Mono path[1] = 'D:/Unity hub/Unity/2020.3.6f1/Editor/Data/MonoBleedingEdge/lib/mono/unityjit'
Mono config path = 'D:/Unity hub/Unity/2020.3.6f1/Editor/Data/MonoBleedingEdge/etc'
Using monoOptions --debugger-agent=transport=dt_socket,embedding=1,server=y,suspend=n,address=127.0.0.1:56180
Begin MonoManager ReloadAssembly
Registering precompiled unity dll's ...
Register platform support module: D:/Unity hub/Unity/2020.3.6f1/Editor/Data/PlaybackEngines/WindowsStandaloneSupport/UnityEditor.WindowsStandalone.Extensions.dll
Registered in 0.001389 seconds.
Native extension for WindowsStandalone target not found
Refreshing native plugins compatible for Editor in 31.89 ms, found 0 plugins.
Preloading 0 native plugins for Editor in 0.00 ms.
Mono: successfully reloaded assembly
- Completed reload, in  1.892 seconds
Platform modules already initialized, skipping
Registering precompiled user dll's ...
Registered in 0.001355 seconds.
Begin MonoManager ReloadAssembly
Native extension for WindowsStandalone target not found
Refreshing native plugins compatible for Editor in 0.35 ms, found 0 plugins.
Preloading 0 native plugins for Editor in 0.00 ms.
Mono: successfully reloaded assembly
- Completed reload, in  0.966 seconds
Platform modules already initialized, skipping
========================================================================
Worker process is ready to serve import requests
Launched and connected shader compiler UnityShaderCompiler.exe after 0.07 seconds
Refreshing native plugins compatible for Editor in 0.31 ms, found 0 plugins.
Preloading 0 native plugins for Editor in 0.00 ms.
Unloading 1545 Unused Serialized files (Serialized files now loaded: 0)
System memory in use before: 77.5 MB.
System memory in use after: 77.5 MB.

Unloading 11 unused Assets to reduce memory usage. Loaded Objects now: 1993.
Total: 1.737300 ms (FindLiveObjects: 0.154800 ms CreateObjectMapping: 0.062300 ms MarkObjects: 1.411600 ms  DeleteObjects: 0.107700 ms)

========================================================================
Received Import Request.
  path: Assets/Low Poly FPS Pack - Free (Sample)/Demo_Scenes/Weapon_Demo_Scenes/Handgun_01_Demo/Handgun_01_Demo.unity
  artifactKey: Guid(d786ed15d0e419f43b4218a11d3cb272) Importer(815301076,1909f56bfc062723c751e8b465ee728b)
Start importing Assets/Low Poly FPS Pack - Free (Sample)/Demo_Scenes/Weapon_Demo_Scenes/Handgun_01_Demo/Handgun_01_Demo.unity using Guid(d786ed15d0e419f43b4218a11d3cb272) Importer(815301076,1909f56bfc062723c751e8b465ee728b)  -> (artifact id: '4c0bce10600d1482071e7abb7d6c9af1') in 0.015119 seconds
  Import took 0.017570 seconds .

========================================================================
Received Prepare
Registering precompiled user dll's ...
Registered in 0.000837 seconds.
Begin MonoManager ReloadAssembly
Native extension for WindowsStandalone target not found
Refreshing native plugins compatible for Editor in 0.37 ms, found 0 plugins.
Preloading 0 native plugins for Editor in 0.00 ms.
Mono: successfully reloaded assembly
- Completed reload, in  1.219 seconds
Platform modules already initialized, skipping
Refreshing native plugins compatible for Editor in 0.38 ms, found 0 plugins.
Preloading 0 native plugins for Editor in 0.00 ms.
Unloading 1504 Unused Serialized files (Serialized files now loaded: 0)
System memory in use before: 74.0 MB.
System memory in use after: 74.0 MB.

Unloading 6 unused Assets to reduce memory usage. Loaded Objects now: 1996.
Total: 2.317300 ms (FindLiveObjects: 0.157400 ms CreateObjectMapping: 0.050700 ms MarkObjects: 1.934800 ms  DeleteObjects: 0.172800 ms)

========================================================================
Received Import Request.
  Time since last request: 112.620260 seconds.
  path: Assets/Low Poly FPS Pack - Free (Sample)/Demo_Scenes/Weapon_Demo_Scenes/Handgun_01_Demo/Handgun_01_Model_Showcase/Handgun_01_Model_Showcase.unity
  artifactKey: Guid(03b13f06869a1eb438483d5b8d6caaf1) Importer(815301076,1909f56bfc062723c751e8b465ee728b)
Start importing Assets/Low Poly FPS Pack - Free (Sample)/Demo_Scenes/Weapon_Demo_Scenes/Handgun_01_Demo/Handgun_01_Model_Showcase/Handgun_01_Model_Showcase.unity using Guid(03b13f06869a1eb438483d5b8d6caaf1) Importer(815301076,1909f56bfc062723c751e8b465ee728b)  -> (artifact id: 'ac5d9b863fe6c4b4fa0fd27fd9f7210d') in 0.025170 seconds
  Import took 0.028350 seconds .

========================================================================
Received Import Request.
  Time since last request: 22.868310 seconds.
  path: Assets/Low Poly FPS Pack - Free (Sample)/Components/Animators
  artifactKey: Guid(643a9d595ade5d44dbbf6082f50f31f9) Importer(815301076,1909f56bfc062723c751e8b465ee728b)
Start importing Assets/Low Poly FPS Pack - Free (Sample)/Components/Animators using Guid(643a9d595ade5d44dbbf6082f50f31f9) Importer(815301076,1909f56bfc062723c751e8b465ee728b)  -> (artifact id: 'ce462f6f8208ffff0e968be74ba2779a') in 0.008069 seconds
  Import took 0.010778 seconds .

========================================================================
Received Import Request.
  Time since last request: 3.262039 seconds.
  path: Assets/Low Poly FPS Pack - Free (Sample)/Components/Animators/Assault_Rifle_01
  artifactKey: Guid(1a88b21cdae75b44a81e92e723cbd10d) Importer(815301076,1909f56bfc062723c751e8b465ee728b)
Start importing Assets/Low Poly FPS Pack - Free (Sample)/Components/Animators/Assault_Rifle_01 using Guid(1a88b21cdae75b44a81e92e723cbd10d) Importer(815301076,1909f56bfc062723c751e8b465ee728b)  -> (artifact id: '13e256a21602ba469b1f54639d339435') in 0.032831 seconds
  Import took 0.035721 seconds .

========================================================================
Received Import Request.
  Time since last request: 1.458738 seconds.
  path: Assets/Low Poly FPS Pack - Free (Sample)/Components/Animators/Assault_Rifle_01/assault_rifle_01.controller
  artifactKey: Guid(425d06488e4cf5d4b92a88cdc9ff35b2) Importer(815301076,1909f56bfc062723c751e8b465ee728b)
Start importing Assets/Low Poly FPS Pack - Free (Sample)/Components/Animators/Assault_Rifle_01/assault_rifle_01.controller using Guid(425d06488e4cf5d4b92a88cdc9ff35b2) Importer(815301076,1909f56bfc062723c751e8b465ee728b)  -> (artifact id: '4ae20752483d531bc65e949f9c652a68') in 0.084024 seconds
  Import took 0.087350 seconds .

========================================================================
Received Import Request.
  Time since last request: 24.448392 seconds.
  path: Assets/Low Poly FPS Pack - Free (Sample)/Components/Meshes/Arms/Assault_Rifle_01/arms_assault_rifle_01.fbx
  artifactKey: Guid(182b7f11db452bc458d35a6c9eced06f) Importer(815301076,1909f56bfc062723c751e8b465ee728b)
Start importing Assets/Low Poly FPS Pack - Free (Sample)/Components/Meshes/Arms/Assault_Rifle_01/arms_assault_rifle_01.fbx using Guid(182b7f11db452bc458d35a6c9eced06f) Importer(815301076,1909f56bfc062723c751e8b465ee728b)  -> (artifact id: '0e91373e83786f4beb3372a61c5edc71') in 0.322603 seconds
  Import took 0.325906 seconds .

========================================================================
Received Import Request.
  Time since last request: 57.258520 seconds.
  path: Assets/Low Poly FPS Pack - Free (Sample)/Components/Animators/Handgun_01
  artifactKey: Guid(c4af360f9b9c0d6498d4547cb5f2ca6d) Importer(815301076,1909f56bfc062723c751e8b465ee728b)
Start importing Assets/Low Poly FPS Pack - Free (Sample)/Components/Animators/Handgun_01 using Guid(c4af360f9b9c0d6498d4547cb5f2ca6d) Importer(815301076,1909f56bfc062723c751e8b465ee728b)  -> (artifact id: 'b99e4f9136321050ba42d88d84a8d456') in 0.031181 seconds
  Import took 0.033604 seconds .

========================================================================
Received Import Request.
  Time since last request: 3.130325 seconds.
  path: Assets/Low Poly FPS Pack - Free (Sample)/Components/Audio
  artifactKey: Guid(8dd978777e431d1469232ac316786eee) Importer(815301076,1909f56bfc062723c751e8b465ee728b)
Start importing Assets/Low Poly FPS Pack - Free (Sample)/Components/Audio using Guid(8dd978777e431d1469232ac316786eee) Importer(815301076,1909f56bfc062723c751e8b465ee728b)  -> (artifact id: '850c975bfd03b6193698306afa963e0e') in 0.007049 seconds
  Import took 0.009453 seconds .

========================================================================
Received Import Request.
  Time since last request: 8.394878 seconds.
  path: Assets/Low Poly FPS Pack - Free (Sample)/Components/Demo_Scene_Components/Scripts/DebrisScript.cs
  artifactKey: Guid(f5ea607472a68444785030fb49e7baa8) Importer(815301076,1909f56bfc062723c751e8b465ee728b)
Start importing Assets/Low Poly FPS Pack - Free (Sample)/Components/Demo_Scene_Components/Scripts/DebrisScript.cs using Guid(f5ea607472a68444785030fb49e7baa8) Importer(815301076,1909f56bfc062723c751e8b465ee728b)  -> (artifact id: '68b1450bf55f337dd79e656f661690d4') in 0.008889 seconds
  Import took 0.011990 seconds .

========================================================================
Received Import Request.
  Time since last request: 2.142852 seconds.
  path: Assets/Low Poly FPS Pack - Free (Sample)/Components/Demo_Scene_Components/Scripts/ExplosiveBarrelScript.cs
  artifactKey: Guid(f00dbda9bdee23645ace6aa6df24f827) Importer(815301076,1909f56bfc062723c751e8b465ee728b)
Start importing Assets/Low Poly FPS Pack - Free (Sample)/Components/Demo_Scene_Components/Scripts/ExplosiveBarrelScript.cs using Guid(f00dbda9bdee23645ace6aa6df24f827) Importer(815301076,1909f56bfc062723c751e8b465ee728b)  -> (artifact id: '998db7742292e9353a56f86118f7c997') in 0.021579 seconds
  Import took 0.024533 seconds .

========================================================================
Received Import Request.
  Time since last request: 0.001267 seconds.
  path: Assets/Low Poly FPS Pack - Free (Sample)/Components/Demo_Scene_Components/Scripts/ExplosiveBarrelScript.cs
  artifactKey: Guid(f00dbda9bdee23645ace6aa6df24f827) Importer(815301076,1909f56bfc062723c751e8b465ee728b)
Start importing Assets/Low Poly FPS Pack - Free (Sample)/Components/Demo_Scene_Components/Scripts/ExplosiveBarrelScript.cs using Guid(f00dbda9bdee23645ace6aa6df24f827) Importer(815301076,1909f56bfc062723c751e8b465ee728b)  -> (artifact id: '998db7742292e9353a56f86118f7c997') in 0.001880 seconds
  Import took 0.005311 seconds .

========================================================================
Received Import Request.
  Time since last request: 1.908944 seconds.
  path: Assets/Low Poly FPS Pack - Free (Sample)/Components/Demo_Scene_Components/Scripts/TargetScript.cs
  artifactKey: Guid(cbc4c318247cfe2428546d89544fe5d1) Importer(815301076,1909f56bfc062723c751e8b465ee728b)
Start importing Assets/Low Poly FPS Pack - Free (Sample)/Components/Demo_Scene_Components/Scripts/TargetScript.cs using Guid(cbc4c318247cfe2428546d89544fe5d1) Importer(815301076,1909f56bfc062723c751e8b465ee728b)  -> (artifact id: '2009f2f3a4d8df9cdf06eea96a5c41ee') in 0.005258 seconds
  Import took 0.007727 seconds .

========================================================================
Received Import Request.
  Time since last request: 0.017322 seconds.
  path: Assets/Low Poly FPS Pack - Free (Sample)/Components/Demo_Scene_Components/Scripts/TargetScript.cs
  artifactKey: Guid(cbc4c318247cfe2428546d89544fe5d1) Importer(815301076,1909f56bfc062723c751e8b465ee728b)
Start importing Assets/Low Poly FPS Pack - Free (Sample)/Components/Demo_Scene_Components/Scripts/TargetScript.cs using Guid(cbc4c318247cfe2428546d89544fe5d1) Importer(815301076,1909f56bfc062723c751e8b465ee728b)  -> (artifact id: '2009f2f3a4d8df9cdf06eea96a5c41ee') in 0.002064 seconds
  Import took 0.004965 seconds .

========================================================================
Received Import Request.
  Time since last request: 64.834159 seconds.
  path: Assets/Low Poly FPS Pack - Free (Sample)/Components/Scripts/FPSController/FpsControllerLPFP.cs
  artifactKey: Guid(f9ebbf09afaa7a14fa049921e4516bf1) Importer(815301076,1909f56bfc062723c751e8b465ee728b)
Start importing Assets/Low Poly FPS Pack - Free (Sample)/Components/Scripts/FPSController/FpsControllerLPFP.cs using Guid(f9ebbf09afaa7a14fa049921e4516bf1) Importer(815301076,1909f56bfc062723c751e8b465ee728b)  -> (artifact id: '419e0b8261ec4aae4904c34b3882b0c2') in 0.006712 seconds
  Import took 0.009467 seconds .

========================================================================
Received Prepare
Registering precompiled user dll's ...
Registered in 0.000812 seconds.
Begin MonoManager ReloadAssembly
Native extension for WindowsStandalone target not found
Refreshing native plugins compatible for Editor in 0.29 ms, found 0 plugins.
Preloading 0 native plugins for Editor in 0.00 ms.
Mono: successfully reloaded assembly
- Completed reload, in  1.056 seconds
Platform modules already initialized, skipping
Refreshing native plugins compatible for Editor in 0.35 ms, found 0 plugins.
Preloading 0 native plugins for Editor in 0.00 ms.
Unloading 1504 Unused Serialized files (Serialized files now loaded: 0)
System memory in use before: 90.9 MB.
System memory in use after: 90.9 MB.

Unloading 6 unused Assets to reduce memory usage. Loaded Objects now: 2010.
Total: 1.749000 ms (FindLiveObjects: 0.263600 ms CreateObjectMapping: 0.073900 ms MarkObjects: 1.324800 ms  DeleteObjects: 0.085100 ms)

AssetImportWorkerClient::OnTransportError - code=2 error=End of file
