Using pre-set license
Built from '2020.3/staging' branch; Version is '2020.3.6f1 (338bb68529b2) revision 3378102'; Using compiler version '192528614'; Build Type 'Release'
OS: 'Windows 10 Pro; OS build 19042.1165; Version 2009; 64bit' Language: 'ko' Physical Memory: 16343 MB
BatchMode: 1, IsHumanControllingUs: 0, StartBugReporterOnCrash: 0, Is64bit: 1, IsPro: 0

 COMMAND LINE ARGUMENTS:
D:\Unity hub\Unity\2020.3.6f1\Editor\Unity.exe
-adb2
-batchMode
-noUpm
-name
AssetImportWorker0
-projectPath
D:/유니티 프로젝트/Aimlab2
-logFile
Logs/AssetImportWorker0.log
-srvPort
51155
Successfully changed project path to: D:/유니티 프로젝트/Aimlab2
D:/유니티 프로젝트/Aimlab2
Using Asset Import Pipeline V2.
Refreshing native plugins compatible for Editor in 33.37 ms, found 0 plugins.
Preloading 0 native plugins for Editor in 0.00 ms.
Initialize engine version: 2020.3.6f1 (338bb68529b2)
[Subsystems] Discovering subsystems at path D:/Unity hub/Unity/2020.3.6f1/Editor/Data/Resources/UnitySubsystems
[Subsystems] Discovering subsystems at path D:/유니티 프로젝트/Aimlab2/Assets
GfxDevice: creating device client; threaded=0
Direct3D:
    Version:  Direct3D 11.0 [level 11.1]
    Renderer: NVIDIA GeForce GTX 970 (ID=0x13c2)
    Vendor:   
    VRAM:     4043 MB
    Driver:   27.21.14.6677
Initialize mono
Mono path[0] = 'D:/Unity hub/Unity/2020.3.6f1/Editor/Data/Managed'
Mono path[1] = 'D:/Unity hub/Unity/2020.3.6f1/Editor/Data/MonoBleedingEdge/lib/mono/unityjit'
Mono config path = 'D:/Unity hub/Unity/2020.3.6f1/Editor/Data/MonoBleedingEdge/etc'
Using monoOptions --debugger-agent=transport=dt_socket,embedding=1,server=y,suspend=n,address=127.0.0.1:56444
Begin MonoManager ReloadAssembly
Registering precompiled unity dll's ...
Register platform support module: D:/Unity hub/Unity/2020.3.6f1/Editor/Data/PlaybackEngines/WindowsStandaloneSupport/UnityEditor.WindowsStandalone.Extensions.dll
Registered in 0.001059 seconds.
Native extension for WindowsStandalone target not found
Refreshing native plugins compatible for Editor in 37.46 ms, found 0 plugins.
Preloading 0 native plugins for Editor in 0.00 ms.
Mono: successfully reloaded assembly
- Completed reload, in  2.101 seconds
Platform modules already initialized, skipping
Registering precompiled user dll's ...
Registered in 0.000839 seconds.
Begin MonoManager ReloadAssembly
Native extension for WindowsStandalone target not found
Refreshing native plugins compatible for Editor in 0.33 ms, found 0 plugins.
Preloading 0 native plugins for Editor in 0.00 ms.
Mono: successfully reloaded assembly
- Completed reload, in  0.997 seconds
Platform modules already initialized, skipping
========================================================================
Worker process is ready to serve import requests
Launched and connected shader compiler UnityShaderCompiler.exe after 0.12 seconds
Refreshing native plugins compatible for Editor in 0.31 ms, found 0 plugins.
Preloading 0 native plugins for Editor in 0.00 ms.
Unloading 1545 Unused Serialized files (Serialized files now loaded: 0)
System memory in use before: 77.5 MB.
System memory in use after: 77.5 MB.

Unloading 11 unused Assets to reduce memory usage. Loaded Objects now: 1993.
Total: 1.956200 ms (FindLiveObjects: 0.173600 ms CreateObjectMapping: 0.110600 ms MarkObjects: 1.524300 ms  DeleteObjects: 0.146800 ms)

========================================================================
Received Import Request.
  path: Assets/Low Poly FPS Pack - Free (Sample)/Components/Scripts/Weapon_Scripts/HandgunScriptLPFP.cs
  artifactKey: Guid(e56ac14cb72efeb4b92cf5cb025a97c0) Importer(815301076,1909f56bfc062723c751e8b465ee728b)
Start importing Assets/Low Poly FPS Pack - Free (Sample)/Components/Scripts/Weapon_Scripts/HandgunScriptLPFP.cs using Guid(e56ac14cb72efeb4b92cf5cb025a97c0) Importer(815301076,1909f56bfc062723c751e8b465ee728b)  -> (artifact id: '020bd9f14ca60274bfa8ee56ec881623') in 0.079440 seconds
  Import took 0.105714 seconds .

========================================================================
Received Import Request.
  Time since last request: 0.013967 seconds.
  path: Assets/Low Poly FPS Pack - Free (Sample)/Components/Scripts/Weapon_Scripts/AutomaticGunScriptLPFP.cs
  artifactKey: Guid(dd38df9a0796d9842adfbe580ed6042e) Importer(815301076,1909f56bfc062723c751e8b465ee728b)
Start importing Assets/Low Poly FPS Pack - Free (Sample)/Components/Scripts/Weapon_Scripts/AutomaticGunScriptLPFP.cs using Guid(dd38df9a0796d9842adfbe580ed6042e) Importer(815301076,1909f56bfc062723c751e8b465ee728b)  -> (artifact id: '31d540d03a8c012176fad4066e98a825') in 0.009321 seconds
  Import took 0.038918 seconds .

========================================================================
Received Import Request.
  Time since last request: 112.622189 seconds.
  path: Assets/Low Poly FPS Pack - Free (Sample)/Components/Meshes/Guns
  artifactKey: Guid(7a808b11c893886418b9a4107d18a743) Importer(815301076,1909f56bfc062723c751e8b465ee728b)
Start importing Assets/Low Poly FPS Pack - Free (Sample)/Components/Meshes/Guns using Guid(7a808b11c893886418b9a4107d18a743) Importer(815301076,1909f56bfc062723c751e8b465ee728b)  -> (artifact id: 'e8d1f04679ce8993aa909a24c468539f') in 0.029405 seconds
  Import took 0.066580 seconds .

========================================================================
Received Prepare
Registering precompiled user dll's ...
Registered in 0.000789 seconds.
Begin MonoManager ReloadAssembly
Native extension for WindowsStandalone target not found
Refreshing native plugins compatible for Editor in 0.28 ms, found 0 plugins.
Preloading 0 native plugins for Editor in 0.00 ms.
Mono: successfully reloaded assembly
- Completed reload, in  0.840 seconds
Platform modules already initialized, skipping
Refreshing native plugins compatible for Editor in 0.28 ms, found 0 plugins.
Preloading 0 native plugins for Editor in 0.00 ms.
Unloading 1504 Unused Serialized files (Serialized files now loaded: 0)
System memory in use before: 73.9 MB.
System memory in use after: 74.0 MB.

Unloading 6 unused Assets to reduce memory usage. Loaded Objects now: 1996.
Total: 2.729700 ms (FindLiveObjects: 0.218600 ms CreateObjectMapping: 0.065700 ms MarkObjects: 2.356200 ms  DeleteObjects: 0.087300 ms)

========================================================================
Received Import Request.
  Time since last request: 638.256095 seconds.
  path: Assets/Low Poly FPS Pack - Free (Sample)/Components/Meshes/Guns/Assault_Rifle_01
  artifactKey: Guid(5dbc3d47fa2c3c748b6b3fa325438eff) Importer(815301076,1909f56bfc062723c751e8b465ee728b)
Start importing Assets/Low Poly FPS Pack - Free (Sample)/Components/Meshes/Guns/Assault_Rifle_01 using Guid(5dbc3d47fa2c3c748b6b3fa325438eff) Importer(815301076,1909f56bfc062723c751e8b465ee728b)  -> (artifact id: '164e433f7a66b6f20dc7b0088f0efde4') in 0.010672 seconds
  Import took 0.031218 seconds .

========================================================================
Received Import Request.
  Time since last request: 1.536344 seconds.
  path: Assets/Low Poly FPS Pack - Free (Sample)/Components/Meshes/Guns/Assault_Rifle_01/assault_rifle_01.fbx
  artifactKey: Guid(4974c3aa5aa3dca4e847ca65904285a1) Importer(815301076,1909f56bfc062723c751e8b465ee728b)
Start importing Assets/Low Poly FPS Pack - Free (Sample)/Components/Meshes/Guns/Assault_Rifle_01/assault_rifle_01.fbx using Guid(4974c3aa5aa3dca4e847ca65904285a1) Importer(815301076,1909f56bfc062723c751e8b465ee728b)  -> (artifact id: 'db2748124ffdf1bdbab8c520795bf03e') in 0.378003 seconds
  Import took 0.402853 seconds .

AssetImportWorkerClient::OnTransportError - code=2 error=End of file
